<?xml version="1.0" encoding="UTF-8"?>
<!-- Generated by org.testng.reporters.JUnitXMLReporter -->
<testsuite ignored="0" hostname="2917TD2" failures="0" tests="2" name="Default test" time="3.046" errors="0" timestamp="02 Jun 2019 16:39:28 GMT">
  <testcase classname="catapult_Health_test_case.Delete_Key_Value_Pair" name="delete_key_value_pair" time="1.897"/>
  <testcase classname="catapult_Health_test_case.Delete_Key_Value_Pair" name="delete_key_value_pair" time="0.516"/>
</testsuite> <!-- Default test -->
