<?xml version="1.0" encoding="UTF-8"?>
<testng-results ignored="0" total="2" passed="2" failed="0" skipped="0">
  <reporter-output>
  </reporter-output>
  <suite started-at="2019-06-02T16:39:25Z" name="Default suite" finished-at="2019-06-02T16:39:28Z" duration-ms="3046">
    <groups>
    </groups>
    <test started-at="2019-06-02T16:39:25Z" name="Default test" finished-at="2019-06-02T16:39:28Z" duration-ms="3046">
      <class name="catapult_Health_test_case.Delete_Key_Value_Pair">
        <test-method is-config="true" signature="getData()[pri:0, instance:catapult_Health_test_case.Delete_Key_Value_Pair@58ea606c]" started-at="2019-06-02T16:39:25Z" name="getData" finished-at="2019-06-02T16:39:26Z" duration-ms="474" status="PASS">
          <reporter-output>
          </reporter-output>
        </test-method> <!-- getData -->
        <test-method signature="delete_key_value_pair(java.lang.String)[pri:0, instance:catapult_Health_test_case.Delete_Key_Value_Pair@58ea606c]" started-at="2019-06-02T16:39:26Z" name="delete_key_value_pair" data-provider="data-provider" finished-at="2019-06-02T16:39:27Z" duration-ms="1897" status="PASS">
          <params>
            <param index="0">
              <value>
                <![CDATA[testkey1]]>
              </value>
            </param>
          </params>
          <reporter-output>
          </reporter-output>
        </test-method> <!-- delete_key_value_pair -->
        <test-method is-config="true" signature="aftermethod(org.testng.ITestResult)[pri:0, instance:catapult_Health_test_case.Delete_Key_Value_Pair@58ea606c]" started-at="2019-06-02T16:39:27Z" name="aftermethod" finished-at="2019-06-02T16:39:28Z" duration-ms="121" status="PASS">
          <params>
            <param index="0">
              <value>
                <![CDATA[[TestResult name=delete_key_value_pair status=SUCCESS method=Delete_Key_Value_Pair.delete_key_value_pair(java.lang.String)[pri:0, instance:catapult_Health_test_case.Delete_Key_Value_Pair@58ea606c] output={null}]]]>
              </value>
            </param>
          </params>
          <reporter-output>
          </reporter-output>
        </test-method> <!-- aftermethod -->
        <test-method signature="delete_key_value_pair(java.lang.String)[pri:0, instance:catapult_Health_test_case.Delete_Key_Value_Pair@58ea606c]" started-at="2019-06-02T16:39:28Z" name="delete_key_value_pair" data-provider="data-provider" finished-at="2019-06-02T16:39:28Z" duration-ms="516" status="PASS">
          <params>
            <param index="0">
              <value>
                <![CDATA[testkey2]]>
              </value>
            </param>
          </params>
          <reporter-output>
          </reporter-output>
        </test-method> <!-- delete_key_value_pair -->
        <test-method is-config="true" signature="aftermethod(org.testng.ITestResult)[pri:0, instance:catapult_Health_test_case.Delete_Key_Value_Pair@58ea606c]" started-at="2019-06-02T16:39:28Z" name="aftermethod" finished-at="2019-06-02T16:39:28Z" duration-ms="20" status="PASS">
          <params>
            <param index="0">
              <value>
                <![CDATA[[TestResult name=delete_key_value_pair status=SUCCESS method=Delete_Key_Value_Pair.delete_key_value_pair(java.lang.String)[pri:0, instance:catapult_Health_test_case.Delete_Key_Value_Pair@58ea606c] output={null}]]]>
              </value>
            </param>
          </params>
          <reporter-output>
          </reporter-output>
        </test-method> <!-- aftermethod -->
      </class> <!-- catapult_Health_test_case.Delete_Key_Value_Pair -->
    </test> <!-- Default test -->
  </suite> <!-- Default suite -->
</testng-results>
